<?xml version="1.0" encoding="UTF-8"?>
<testsuite name="com.jeffrey.restassured.UserControllerSpec" tests="1" skipped="0" failures="0" errors="0" timestamp="2025-05-16T15:41:32.648Z" hostname="otaehyeon-ui-MacBookAir.local" time="1.769">
  <properties/>
  <testcase name="logout" classname="com.jeffrey.restassured.UserControllerSpec" time="1.769"/>
  <system-out><![CDATA[
  .   ____          _            __ _ _
 /\\ / ___'_ __ _ _(_)_ __  __ _ \ \ \ \
( ( )\___ | '_ | '_| | '_ \/ _` | \ \ \ \
 \\/  ___)| |_)| | | | | || (_| |  ) ) ) )
  '  |____| .__|_| |_|_| |_\__, | / / / /
 =========|_|==============|___/=/_/_/_/

 :: Spring Boot ::                (v3.4.5)

2025-05-17T00:41:33.304+09:00  INFO 46947 --- [restassured] [    Test worker] c.j.restassured.UserControllerSpec       : Starting UserControllerSpec using Java 17.0.14 with PID 46947 (started by jeffrey in /Users/jeffrey/Desktop/workspace/restassured-restdocs-issue)
2025-05-17T00:41:33.305+09:00  INFO 46947 --- [restassured] [    Test worker] c.j.restassured.UserControllerSpec       : No active profile set, falling back to 1 default profile: "default"
2025-05-17T00:41:34.004+09:00  INFO 46947 --- [restassured] [    Test worker] o.s.b.t.m.w.SpringBootMockServletContext : Initializing Spring TestDispatcherServlet ''
2025-05-17T00:41:34.005+09:00  INFO 46947 --- [restassured] [    Test worker] o.s.t.web.servlet.TestDispatcherServlet  : Initializing Servlet ''
2025-05-17T00:41:34.006+09:00  INFO 46947 --- [restassured] [    Test worker] o.s.t.web.servlet.TestDispatcherServlet  : Completed initialization in 1 ms
2025-05-17T00:41:34.031+09:00  INFO 46947 --- [restassured] [    Test worker] c.j.restassured.UserControllerSpec       : Started UserControllerSpec in 0.896 seconds (process running for 2.123)
]]></system-out>
  <system-err><![CDATA[]]></system-err>
</testsuite>
